2021-04-21 08:15:29,290 INFO o.a.j.u.JMeterUtils: Setting Locale to en_US
2021-04-21 08:15:29,303 INFO o.a.j.JMeter: Loading user properties from: /home/martin/apache-jmeter-5.2.1/bin/user.properties
2021-04-21 08:15:29,304 INFO o.a.j.JMeter: Loading system properties from: /home/martin/apache-jmeter-5.2.1/bin/system.properties
2021-04-21 08:15:29,306 INFO o.a.j.JMeter: Copyright (c) 1998-2019 The Apache Software Foundation
2021-04-21 08:15:29,306 INFO o.a.j.JMeter: Version 5.2.1
2021-04-21 08:15:29,306 INFO o.a.j.JMeter: java.version=1.8.0_282
2021-04-21 08:15:29,306 INFO o.a.j.JMeter: java.vm.name=OpenJDK 64-Bit Server VM
2021-04-21 08:15:29,306 INFO o.a.j.JMeter: os.name=Linux
2021-04-21 08:15:29,306 INFO o.a.j.JMeter: os.arch=amd64
2021-04-21 08:15:29,306 INFO o.a.j.JMeter: os.version=5.4.0-65-generic
2021-04-21 08:15:29,306 INFO o.a.j.JMeter: file.encoding=UTF-8
2021-04-21 08:15:29,307 INFO o.a.j.JMeter: java.awt.headless=null
2021-04-21 08:15:29,307 INFO o.a.j.JMeter: Max memory     =3666870272
2021-04-21 08:15:29,307 INFO o.a.j.JMeter: Available Processors =4
2021-04-21 08:15:29,311 INFO o.a.j.JMeter: Default Locale=English (United States)
2021-04-21 08:15:29,311 INFO o.a.j.JMeter: JMeter  Locale=English (United States)
2021-04-21 08:15:29,312 INFO o.a.j.JMeter: JMeterHome=/home/martin/apache-jmeter-5.2.1
2021-04-21 08:15:29,312 INFO o.a.j.JMeter: user.dir  =/home/martin/Documents/si2/practica2/P2/ej8
2021-04-21 08:15:29,312 INFO o.a.j.JMeter: PWD       =/home/martin/Documents/si2/practica2/P2/ej8
2021-04-21 08:15:29,312 INFO o.a.j.JMeter: IP: 127.0.1.1 Name: martin-XPS-13 FullName: martin-XPS-13
2021-04-21 08:15:29,482 INFO o.a.j.g.a.LookAndFeelCommand: Installing Darcula LAF
2021-04-21 08:15:29,525 INFO o.a.j.g.a.LookAndFeelCommand: Using look and feel: com.bulenkov.darcula.DarculaLaf [Darcula]
2021-04-21 08:15:29,527 INFO o.a.j.JMeter: Setting LAF to: com.bulenkov.darcula.DarculaLaf
2021-04-21 08:15:29,620 INFO o.a.j.u.JMeterUtils: Applying HiDPI scale: 2.0
2021-04-21 08:15:29,625 INFO o.a.j.JMeter: Loaded icon properties from org/apache/jmeter/images/icon.properties
2021-04-21 08:15:31,970 INFO o.a.j.p.h.s.HTTPSamplerBase: Parser for text/html is org.apache.jmeter.protocol.http.parser.LagartoBasedHtmlParser
2021-04-21 08:15:31,972 INFO o.a.j.p.h.s.HTTPSamplerBase: Parser for application/xhtml+xml is org.apache.jmeter.protocol.http.parser.LagartoBasedHtmlParser
2021-04-21 08:15:31,974 INFO o.a.j.p.h.s.HTTPSamplerBase: Parser for application/xml is org.apache.jmeter.protocol.http.parser.LagartoBasedHtmlParser
2021-04-21 08:15:31,975 INFO o.a.j.p.h.s.HTTPSamplerBase: Parser for text/xml is org.apache.jmeter.protocol.http.parser.LagartoBasedHtmlParser
2021-04-21 08:15:31,976 INFO o.a.j.p.h.s.HTTPSamplerBase: Parser for text/vnd.wap.wml is org.apache.jmeter.protocol.http.parser.RegexpHTMLParser
2021-04-21 08:15:31,978 INFO o.a.j.p.h.s.HTTPSamplerBase: Parser for text/css is org.apache.jmeter.protocol.http.parser.CssParser
2021-04-21 08:15:32,288 INFO o.a.j.e.KeyToolUtils: keytool found at 'keytool'
2021-04-21 08:15:32,289 INFO o.a.j.p.h.p.ProxyControl: HTTP(S) Test Script Recorder SSL Proxy will use keys that support embedded 3rd party resources in file /home/martin/apache-jmeter-5.2.1/bin/proxyserver.jks
2021-04-21 08:15:32,395 INFO o.a.j.s.FileServer: Default base='/home/martin/Documents/si2/practica2/P2/ej8'
2021-04-21 08:15:32,782 INFO o.a.j.s.SampleResult: Note: Sample TimeStamps are START times
2021-04-21 08:15:32,783 INFO o.a.j.s.SampleResult: sampleresult.default.encoding is set to ISO-8859-1
2021-04-21 08:15:32,783 INFO o.a.j.s.SampleResult: sampleresult.useNanoTime=true
2021-04-21 08:15:32,783 INFO o.a.j.s.SampleResult: sampleresult.nanoThreadSleep=5000
2021-04-21 08:15:32,805 INFO o.a.j.v.ViewResultsFullVisualizer: Add JavaFX to your Java installation if you want to use renderer: org.apache.jmeter.visualizers.RenderInBrowser
2021-04-21 08:15:39,528 INFO o.a.j.g.a.Load: Loading file: /home/martin/Documents/si2/practica2/P2/P2-curvaProductividad.jmx
2021-04-21 08:15:39,529 INFO o.a.j.s.FileServer: Set new base='/home/martin/Documents/si2/practica2/P2'
2021-04-21 08:15:39,650 INFO o.a.j.s.SaveService: Testplan (JMX) version: 2.2. Testlog (JTL) version: 2.2
2021-04-21 08:15:39,655 INFO o.a.j.s.SaveService: Using SaveService properties file encoding UTF-8
2021-04-21 08:15:39,657 INFO o.a.j.s.SaveService: Using SaveService properties version 5.0
2021-04-21 08:15:39,660 INFO o.a.j.s.SaveService: Loading file: /home/martin/Documents/si2/practica2/P2/P2-curvaProductividad.jmx
2021-04-21 08:15:39,695 INFO o.a.j.p.h.c.CookieManager: Settings: Delete null: true Check: true Allow variable: true Save: false Prefix: COOKIE_
2021-04-21 08:15:39,698 INFO o.a.j.p.h.c.CacheManager: Will only cache the following methods: [GET]
2021-04-21 08:15:39,730 INFO o.a.j.v.ViewResultsFullVisualizer: Add JavaFX to your Java installation if you want to use renderer: org.apache.jmeter.visualizers.RenderInBrowser
2021-04-21 08:15:39,850 INFO o.a.j.s.FileServer: Set new base='/home/martin/Documents/si2/practica2/P2'
2021-04-21 08:17:31,270 INFO o.a.j.s.SampleEvent: List of sample_variables: []
