2021-04-09 21:46:46,240 INFO o.a.j.u.JMeterUtils: Setting Locale to en_US
2021-04-09 21:46:46,254 INFO o.a.j.JMeter: Loading user properties from: /home/martin/apache-jmeter-5.2.1/bin/user.properties
2021-04-09 21:46:46,255 INFO o.a.j.JMeter: Loading system properties from: /home/martin/apache-jmeter-5.2.1/bin/system.properties
2021-04-09 21:46:46,256 INFO o.a.j.JMeter: Copyright (c) 1998-2019 The Apache Software Foundation
2021-04-09 21:46:46,256 INFO o.a.j.JMeter: Version 5.2.1
2021-04-09 21:46:46,257 INFO o.a.j.JMeter: java.version=1.8.0_282
2021-04-09 21:46:46,257 INFO o.a.j.JMeter: java.vm.name=OpenJDK 64-Bit Server VM
2021-04-09 21:46:46,257 INFO o.a.j.JMeter: os.name=Linux
2021-04-09 21:46:46,257 INFO o.a.j.JMeter: os.arch=amd64
2021-04-09 21:46:46,257 INFO o.a.j.JMeter: os.version=5.4.0-65-generic
2021-04-09 21:46:46,257 INFO o.a.j.JMeter: file.encoding=UTF-8
2021-04-09 21:46:46,257 INFO o.a.j.JMeter: java.awt.headless=null
2021-04-09 21:46:46,257 INFO o.a.j.JMeter: Max memory     =3666870272
2021-04-09 21:46:46,257 INFO o.a.j.JMeter: Available Processors =4
2021-04-09 21:46:46,262 INFO o.a.j.JMeter: Default Locale=English (United States)
2021-04-09 21:46:46,262 INFO o.a.j.JMeter: JMeter  Locale=English (United States)
2021-04-09 21:46:46,262 INFO o.a.j.JMeter: JMeterHome=/home/martin/apache-jmeter-5.2.1
2021-04-09 21:46:46,262 INFO o.a.j.JMeter: user.dir  =/home/martin/Documents/si2/practica2/P2/P1-base
2021-04-09 21:46:46,262 INFO o.a.j.JMeter: PWD       =/home/martin/Documents/si2/practica2/P2/P1-base
2021-04-09 21:46:46,263 INFO o.a.j.JMeter: IP: 127.0.1.1 Name: martin-XPS-13 FullName: martin-XPS-13
2021-04-09 21:46:46,525 INFO o.a.j.g.a.LookAndFeelCommand: Installing Darcula LAF
2021-04-09 21:46:46,574 INFO o.a.j.g.a.LookAndFeelCommand: Using look and feel: com.bulenkov.darcula.DarculaLaf [Darcula]
2021-04-09 21:46:46,575 INFO o.a.j.JMeter: Setting LAF to: com.bulenkov.darcula.DarculaLaf
2021-04-09 21:46:46,686 INFO o.a.j.u.JMeterUtils: Applying HiDPI scale: 2.0
2021-04-09 21:46:46,692 INFO o.a.j.JMeter: Loaded icon properties from org/apache/jmeter/images/icon.properties
2021-04-09 21:46:49,351 INFO o.a.j.p.h.s.HTTPSamplerBase: Parser for text/html is org.apache.jmeter.protocol.http.parser.LagartoBasedHtmlParser
2021-04-09 21:46:49,353 INFO o.a.j.p.h.s.HTTPSamplerBase: Parser for application/xhtml+xml is org.apache.jmeter.protocol.http.parser.LagartoBasedHtmlParser
2021-04-09 21:46:49,354 INFO o.a.j.p.h.s.HTTPSamplerBase: Parser for application/xml is org.apache.jmeter.protocol.http.parser.LagartoBasedHtmlParser
2021-04-09 21:46:49,354 INFO o.a.j.p.h.s.HTTPSamplerBase: Parser for text/xml is org.apache.jmeter.protocol.http.parser.LagartoBasedHtmlParser
2021-04-09 21:46:49,354 INFO o.a.j.p.h.s.HTTPSamplerBase: Parser for text/vnd.wap.wml is org.apache.jmeter.protocol.http.parser.RegexpHTMLParser
2021-04-09 21:46:49,355 INFO o.a.j.p.h.s.HTTPSamplerBase: Parser for text/css is org.apache.jmeter.protocol.http.parser.CssParser
2021-04-09 21:46:49,684 INFO o.a.j.e.KeyToolUtils: keytool found at 'keytool'
2021-04-09 21:46:49,686 INFO o.a.j.p.h.p.ProxyControl: HTTP(S) Test Script Recorder SSL Proxy will use keys that support embedded 3rd party resources in file /home/martin/apache-jmeter-5.2.1/bin/proxyserver.jks
2021-04-09 21:46:49,878 INFO o.a.j.s.FileServer: Default base='/home/martin/Documents/si2/practica2/P2/P1-base'
2021-04-09 21:46:50,672 INFO o.a.j.s.SampleResult: Note: Sample TimeStamps are START times
2021-04-09 21:46:50,672 INFO o.a.j.s.SampleResult: sampleresult.default.encoding is set to ISO-8859-1
2021-04-09 21:46:50,672 INFO o.a.j.s.SampleResult: sampleresult.useNanoTime=true
2021-04-09 21:46:50,672 INFO o.a.j.s.SampleResult: sampleresult.nanoThreadSleep=5000
2021-04-09 21:46:50,690 INFO o.a.j.v.ViewResultsFullVisualizer: Add JavaFX to your Java installation if you want to use renderer: org.apache.jmeter.visualizers.RenderInBrowser
2021-04-09 21:47:01,317 INFO o.a.j.g.a.Load: Loading file: /home/martin/Documents/si2/practica2/P2/P2.jmx
2021-04-09 21:47:01,318 INFO o.a.j.s.FileServer: Set new base='/home/martin/Documents/si2/practica2/P2'
2021-04-09 21:47:01,423 INFO o.a.j.s.SaveService: Testplan (JMX) version: 2.2. Testlog (JTL) version: 2.2
2021-04-09 21:47:01,427 INFO o.a.j.s.SaveService: Using SaveService properties file encoding UTF-8
2021-04-09 21:47:01,429 INFO o.a.j.s.SaveService: Using SaveService properties version 5.0
2021-04-09 21:47:01,432 INFO o.a.j.s.SaveService: Loading file: /home/martin/Documents/si2/practica2/P2/P2.jmx
2021-04-09 21:47:01,584 INFO o.a.j.v.ViewResultsFullVisualizer: Add JavaFX to your Java installation if you want to use renderer: org.apache.jmeter.visualizers.RenderInBrowser
2021-04-09 21:47:01,618 INFO o.a.j.s.FileServer: Set new base='/home/martin/Documents/si2/practica2/P2'
2021-04-09 21:51:26,588 INFO o.a.j.e.StandardJMeterEngine: Running the test!
2021-04-09 21:51:26,593 INFO o.a.j.s.SampleEvent: List of sample_variables: []
2021-04-09 21:51:26,593 INFO o.a.j.s.SampleEvent: List of sample_variables: []
2021-04-09 21:51:26,596 INFO o.a.j.e.u.CompoundVariable: Note: Function class names must contain the string: '.functions.'
2021-04-09 21:51:26,597 INFO o.a.j.e.u.CompoundVariable: Note: Function class names must not contain the string: '.gui.'
2021-04-09 21:51:26,841 INFO o.a.j.g.u.JMeterMenuBar: setRunning(true, *local*)
2021-04-09 21:51:27,022 INFO o.a.j.e.StandardJMeterEngine: Starting ThreadGroup: 1 : P1-base
2021-04-09 21:51:27,022 INFO o.a.j.e.StandardJMeterEngine: Starting 1 threads for group P1-base.
2021-04-09 21:51:27,022 INFO o.a.j.e.StandardJMeterEngine: Thread will continue on error
2021-04-09 21:51:27,022 INFO o.a.j.t.ThreadGroup: Starting thread group... number=1 threads=1 ramp-up=5 delayedStart=false
2021-04-09 21:51:27,026 INFO o.a.j.t.ThreadGroup: Started thread group number 1
2021-04-09 21:51:27,028 INFO o.a.j.e.StandardJMeterEngine: All thread groups have been started
2021-04-09 21:51:27,029 INFO o.a.j.t.JMeterThread: Thread started: P1-base 1-1
2021-04-09 21:51:27,034 INFO o.a.j.s.FileServer: Stored: datagen/listado.csv
2021-04-09 21:51:27,039 INFO o.a.j.p.h.s.HTTPJavaImpl: Maximum connection retries = 0
2021-04-09 21:51:32,452 INFO o.a.j.t.JMeterThread: Thread is done: P1-base 1-1
2021-04-09 21:51:32,452 INFO o.a.j.t.JMeterThread: Thread finished: P1-base 1-1
2021-04-09 21:51:32,453 INFO o.a.j.e.StandardJMeterEngine: Notifying test listeners of end of test
2021-04-09 21:51:32,453 INFO o.a.j.s.FileServer: Close: datagen/listado.csv
2021-04-09 21:51:32,453 INFO o.a.j.g.u.JMeterMenuBar: setRunning(false, *local*)
2021-04-09 22:02:56,868 INFO o.a.j.e.StandardJMeterEngine: Running the test!
2021-04-09 22:02:56,868 INFO o.a.j.s.SampleEvent: List of sample_variables: []
2021-04-09 22:02:56,870 INFO o.a.j.g.u.JMeterMenuBar: setRunning(true, *local*)
2021-04-09 22:02:57,146 INFO o.a.j.e.StandardJMeterEngine: Starting ThreadGroup: 1 : P1-base
2021-04-09 22:02:57,146 INFO o.a.j.e.StandardJMeterEngine: Starting 1 threads for group P1-base.
2021-04-09 22:02:57,146 INFO o.a.j.e.StandardJMeterEngine: Thread will continue on error
2021-04-09 22:02:57,146 INFO o.a.j.t.ThreadGroup: Starting thread group... number=1 threads=1 ramp-up=5 delayedStart=false
2021-04-09 22:02:57,154 INFO o.a.j.t.ThreadGroup: Started thread group number 1
2021-04-09 22:02:57,154 INFO o.a.j.e.StandardJMeterEngine: All thread groups have been started
2021-04-09 22:02:57,156 INFO o.a.j.t.JMeterThread: Thread started: P1-base 1-1
2021-04-09 22:02:57,157 INFO o.a.j.s.FileServer: Stored: datagen/listado.csv
2021-04-09 22:03:00,408 INFO o.a.j.t.JMeterThread: Thread is done: P1-base 1-1
2021-04-09 22:03:00,408 INFO o.a.j.t.JMeterThread: Thread finished: P1-base 1-1
2021-04-09 22:03:00,408 INFO o.a.j.e.StandardJMeterEngine: Notifying test listeners of end of test
2021-04-09 22:03:00,408 INFO o.a.j.s.FileServer: Close: datagen/listado.csv
2021-04-09 22:03:00,409 INFO o.a.j.g.u.JMeterMenuBar: setRunning(false, *local*)
2021-04-09 22:03:44,696 INFO o.a.j.e.StandardJMeterEngine: Running the test!
2021-04-09 22:03:44,698 INFO o.a.j.s.SampleEvent: List of sample_variables: []
2021-04-09 22:03:44,702 INFO o.a.j.g.u.JMeterMenuBar: setRunning(true, *local*)
2021-04-09 22:03:44,856 INFO o.a.j.e.StandardJMeterEngine: Starting ThreadGroup: 1 : P1-base
2021-04-09 22:03:44,856 INFO o.a.j.e.StandardJMeterEngine: Starting 1 threads for group P1-base.
2021-04-09 22:03:44,856 INFO o.a.j.e.StandardJMeterEngine: Thread will continue on error
2021-04-09 22:03:44,857 INFO o.a.j.t.ThreadGroup: Starting thread group... number=1 threads=1 ramp-up=5 delayedStart=false
2021-04-09 22:03:44,859 INFO o.a.j.t.ThreadGroup: Started thread group number 1
2021-04-09 22:03:44,859 INFO o.a.j.e.StandardJMeterEngine: All thread groups have been started
2021-04-09 22:03:44,860 INFO o.a.j.t.JMeterThread: Thread started: P1-base 1-1
2021-04-09 22:03:44,861 INFO o.a.j.s.FileServer: Stored: datagen/listado.csv
2021-04-09 22:03:48,201 INFO o.a.j.t.JMeterThread: Thread is done: P1-base 1-1
2021-04-09 22:03:48,202 INFO o.a.j.t.JMeterThread: Thread finished: P1-base 1-1
2021-04-09 22:03:48,202 INFO o.a.j.e.StandardJMeterEngine: Notifying test listeners of end of test
2021-04-09 22:03:48,202 INFO o.a.j.s.FileServer: Close: datagen/listado.csv
2021-04-09 22:03:48,202 INFO o.a.j.g.u.JMeterMenuBar: setRunning(false, *local*)
